mode: set
github.com/vSterlin/goscript/token/bool.go:8.53,10.2 1 1
github.com/vSterlin/goscript/token/bool.go:12.38,14.2 1 1
github.com/vSterlin/goscript/token/const.go:8.54,10.2 1 1
github.com/vSterlin/goscript/token/const.go:12.39,14.2 1 1
github.com/vSterlin/goscript/token/not-equals.go:8.59,10.2 1 1
github.com/vSterlin/goscript/token/not-equals.go:12.44,14.2 1 1
github.com/vSterlin/goscript/token/pow.go:8.55,10.2 1 0
github.com/vSterlin/goscript/token/pow.go:12.40,14.2 1 0
github.com/vSterlin/goscript/token/comma.go:8.55,10.2 1 1
github.com/vSterlin/goscript/token/comma.go:12.40,14.2 1 1
github.com/vSterlin/goscript/token/float-number.go:13.61,15.2 1 0
github.com/vSterlin/goscript/token/float-number.go:17.46,19.2 1 0
github.com/vSterlin/goscript/token/int.go:8.53,10.2 1 1
github.com/vSterlin/goscript/token/int.go:12.38,14.2 1 1
github.com/vSterlin/goscript/token/negate.go:8.56,10.2 1 1
github.com/vSterlin/goscript/token/negate.go:12.41,14.2 1 1
github.com/vSterlin/goscript/token/true.go:8.53,10.2 1 1
github.com/vSterlin/goscript/token/true.go:12.38,14.2 1 1
github.com/vSterlin/goscript/token/divide.go:8.52,10.2 1 1
github.com/vSterlin/goscript/token/divide.go:12.37,14.2 1 1
github.com/vSterlin/goscript/token/fn.go:8.52,10.2 1 1
github.com/vSterlin/goscript/token/fn.go:12.37,14.2 1 1
github.com/vSterlin/goscript/token/left-parenthesis.go:8.59,10.2 1 1
github.com/vSterlin/goscript/token/left-parenthesis.go:12.44,14.2 1 1
github.com/vSterlin/goscript/token/minus.go:8.55,10.2 1 1
github.com/vSterlin/goscript/token/minus.go:12.40,14.2 1 1
github.com/vSterlin/goscript/token/return.go:8.56,10.2 1 1
github.com/vSterlin/goscript/token/return.go:12.41,14.2 1 1
github.com/vSterlin/goscript/token/right-bracket.go:8.62,10.2 1 1
github.com/vSterlin/goscript/token/right-bracket.go:12.47,14.2 1 1
github.com/vSterlin/goscript/token/right-parenthesis.go:8.60,10.2 1 1
github.com/vSterlin/goscript/token/right-parenthesis.go:12.45,14.2 1 1
github.com/vSterlin/goscript/token/assignment.go:8.60,10.2 1 1
github.com/vSterlin/goscript/token/assignment.go:12.45,14.2 1 1
github.com/vSterlin/goscript/token/for.go:8.53,10.2 1 1
github.com/vSterlin/goscript/token/for.go:12.38,14.2 1 1
github.com/vSterlin/goscript/token/greater.go:8.56,10.2 1 1
github.com/vSterlin/goscript/token/greater.go:12.41,14.2 1 1
github.com/vSterlin/goscript/token/mod.go:8.53,10.2 1 1
github.com/vSterlin/goscript/token/mod.go:12.38,14.2 1 1
github.com/vSterlin/goscript/token/right-curly.go:8.60,10.2 1 1
github.com/vSterlin/goscript/token/right-curly.go:12.45,14.2 1 1
github.com/vSterlin/goscript/token/variable.go:9.57,11.2 1 1
github.com/vSterlin/goscript/token/variable.go:13.42,15.2 1 0
github.com/vSterlin/goscript/token/equals.go:8.55,10.2 1 1
github.com/vSterlin/goscript/token/equals.go:12.40,14.2 1 1
github.com/vSterlin/goscript/token/float.go:8.55,10.2 1 1
github.com/vSterlin/goscript/token/float.go:12.40,14.2 1 1
github.com/vSterlin/goscript/token/or.go:8.51,10.2 1 1
github.com/vSterlin/goscript/token/or.go:12.36,14.2 1 1
github.com/vSterlin/goscript/token/print.go:9.54,11.2 1 1
github.com/vSterlin/goscript/token/print.go:13.39,15.2 1 1
github.com/vSterlin/goscript/token/semicolon.go:8.59,10.2 1 0
github.com/vSterlin/goscript/token/semicolon.go:12.44,14.2 1 0
github.com/vSterlin/goscript/token/and.go:8.52,10.2 1 1
github.com/vSterlin/goscript/token/and.go:12.37,14.2 1 1
github.com/vSterlin/goscript/token/left-bracket.go:8.61,10.2 1 1
github.com/vSterlin/goscript/token/left-bracket.go:12.46,14.2 1 1
github.com/vSterlin/goscript/token/pipe-operator.go:8.62,10.2 1 1
github.com/vSterlin/goscript/token/pipe-operator.go:12.47,14.2 1 1
github.com/vSterlin/goscript/token/quoted-string.go:9.61,11.2 1 1
github.com/vSterlin/goscript/token/quoted-string.go:13.46,15.2 1 0
github.com/vSterlin/goscript/token/token-error.go:13.42,15.2 1 0
github.com/vSterlin/goscript/token/token-error.go:17.56,20.2 1 1
github.com/vSterlin/goscript/token/token-error.go:22.29,23.30 1 1
github.com/vSterlin/goscript/token/token-error.go:23.30,27.3 3 0
github.com/vSterlin/goscript/token/arrow.go:8.55,10.2 1 1
github.com/vSterlin/goscript/token/arrow.go:12.40,14.2 1 1
github.com/vSterlin/goscript/token/dot.go:8.53,10.2 1 1
github.com/vSterlin/goscript/token/dot.go:12.38,14.2 1 1
github.com/vSterlin/goscript/token/if.go:8.51,10.2 1 1
github.com/vSterlin/goscript/token/if.go:12.36,14.2 1 1
github.com/vSterlin/goscript/token/lesser.go:8.55,10.2 1 1
github.com/vSterlin/goscript/token/lesser.go:12.40,14.2 1 1
github.com/vSterlin/goscript/token/multiply.go:8.54,10.2 1 1
github.com/vSterlin/goscript/token/multiply.go:12.39,14.2 1 1
github.com/vSterlin/goscript/token/var.go:8.53,10.2 1 1
github.com/vSterlin/goscript/token/var.go:12.38,14.2 1 1
github.com/vSterlin/goscript/token/tokenizer.go:17.44,75.2 4 1
github.com/vSterlin/goscript/token/tokenizer.go:77.54,81.2 2 1
github.com/vSterlin/goscript/token/tokenizer.go:83.54,87.78 3 1
github.com/vSterlin/goscript/token/tokenizer.go:93.2,93.69 1 1
github.com/vSterlin/goscript/token/tokenizer.go:98.2,98.21 1 1
github.com/vSterlin/goscript/token/tokenizer.go:87.78,90.3 2 1
github.com/vSterlin/goscript/token/tokenizer.go:93.69,96.3 2 1
github.com/vSterlin/goscript/token/tokenizer.go:98.21,100.17 2 1
github.com/vSterlin/goscript/token/tokenizer.go:103.3,103.27 1 1
github.com/vSterlin/goscript/token/tokenizer.go:100.17,101.14 1 0
github.com/vSterlin/goscript/token/tokenizer.go:104.8,107.3 2 1
github.com/vSterlin/goscript/token/tokenizer.go:110.58,116.78 4 1
github.com/vSterlin/goscript/token/tokenizer.go:122.2,122.69 1 1
github.com/vSterlin/goscript/token/tokenizer.go:130.2,130.59 1 1
github.com/vSterlin/goscript/token/tokenizer.go:116.78,119.3 2 0
github.com/vSterlin/goscript/token/tokenizer.go:122.69,124.79 2 1
github.com/vSterlin/goscript/token/tokenizer.go:124.79,127.4 2 0
github.com/vSterlin/goscript/token/tokenizer.go:130.59,133.17 3 0
github.com/vSterlin/goscript/token/tokenizer.go:136.3,136.43 1 0
github.com/vSterlin/goscript/token/tokenizer.go:133.17,134.14 1 0
github.com/vSterlin/goscript/token/tokenizer.go:137.8,140.3 2 1
github.com/vSterlin/goscript/token/tokenizer.go:144.47,145.41 1 1
github.com/vSterlin/goscript/token/tokenizer.go:152.2,152.41 1 1
github.com/vSterlin/goscript/token/tokenizer.go:158.2,158.12 1 1
github.com/vSterlin/goscript/token/tokenizer.go:145.41,146.30 1 1
github.com/vSterlin/goscript/token/tokenizer.go:146.30,149.4 2 1
github.com/vSterlin/goscript/token/tokenizer.go:152.41,153.30 1 1
github.com/vSterlin/goscript/token/tokenizer.go:153.30,156.4 2 1
github.com/vSterlin/goscript/token/tokenizer.go:161.58,165.49 3 1
github.com/vSterlin/goscript/token/tokenizer.go:178.2,178.27 1 1
github.com/vSterlin/goscript/token/tokenizer.go:165.49,168.128 3 1
github.com/vSterlin/goscript/token/tokenizer.go:168.128,171.4 2 1
github.com/vSterlin/goscript/token/tokenizer.go:172.8,176.3 2 1
github.com/vSterlin/goscript/token/tokenizer.go:178.27,182.3 2 1
github.com/vSterlin/goscript/token/tokenizer.go:182.8,184.3 1 1
github.com/vSterlin/goscript/token/tokenizer.go:187.59,192.32 3 1
github.com/vSterlin/goscript/token/tokenizer.go:211.2,212.12 2 1
github.com/vSterlin/goscript/token/tokenizer.go:192.32,195.63 2 1
github.com/vSterlin/goscript/token/tokenizer.go:204.3,204.62 1 1
github.com/vSterlin/goscript/token/tokenizer.go:195.63,199.34 3 1
github.com/vSterlin/goscript/token/tokenizer.go:199.34,200.80 1 0
github.com/vSterlin/goscript/token/tokenizer.go:204.62,207.4 2 1
github.com/vSterlin/goscript/token/tokenizer.go:215.38,216.78 1 1
github.com/vSterlin/goscript/token/tokenizer.go:216.78,218.3 1 0
github.com/vSterlin/goscript/token/tokenizer.go:221.57,225.97 3 1
github.com/vSterlin/goscript/token/tokenizer.go:229.2,229.31 1 1
github.com/vSterlin/goscript/token/tokenizer.go:225.97,228.3 2 1
github.com/vSterlin/goscript/token/tokenizer.go:232.48,233.39 1 1
github.com/vSterlin/goscript/token/tokenizer.go:239.2,239.12 1 1
github.com/vSterlin/goscript/token/tokenizer.go:233.39,234.30 1 1
github.com/vSterlin/goscript/token/tokenizer.go:234.30,237.4 2 1
github.com/vSterlin/goscript/token/tokenizer.go:242.53,251.32 8 1
github.com/vSterlin/goscript/token/tokenizer.go:251.32,253.3 1 0
github.com/vSterlin/goscript/token/tokenizer.go:253.8,253.52 1 1
github.com/vSterlin/goscript/token/tokenizer.go:253.52,255.3 1 1
github.com/vSterlin/goscript/token/tokenizer.go:255.8,255.61 1 1
github.com/vSterlin/goscript/token/tokenizer.go:255.61,257.3 1 0
github.com/vSterlin/goscript/token/tokenizer.go:257.8,257.64 1 1
github.com/vSterlin/goscript/token/tokenizer.go:257.64,259.3 1 1
github.com/vSterlin/goscript/token/tokenizer.go:259.8,259.62 1 1
github.com/vSterlin/goscript/token/tokenizer.go:259.62,261.3 1 1
github.com/vSterlin/goscript/token/tokenizer.go:261.8,261.62 1 1
github.com/vSterlin/goscript/token/tokenizer.go:261.62,263.3 1 1
github.com/vSterlin/goscript/token/tokenizer.go:263.8,263.71 1 1
github.com/vSterlin/goscript/token/tokenizer.go:263.71,265.3 1 1
github.com/vSterlin/goscript/token/tokenizer.go:265.8,267.3 1 1
github.com/vSterlin/goscript/token/tokenizer.go:271.40,278.32 3 1
github.com/vSterlin/goscript/token/tokenizer.go:286.2,286.15 1 1
github.com/vSterlin/goscript/token/tokenizer.go:278.32,280.17 2 1
github.com/vSterlin/goscript/token/tokenizer.go:283.3,283.35 1 1
github.com/vSterlin/goscript/token/tokenizer.go:280.17,281.14 1 0
github.com/vSterlin/goscript/token/else.go:8.53,10.2 1 1
github.com/vSterlin/goscript/token/else.go:12.38,14.2 1 1
github.com/vSterlin/goscript/token/false.go:8.54,10.2 1 1
github.com/vSterlin/goscript/token/false.go:12.39,14.2 1 1
github.com/vSterlin/goscript/token/left-curly.go:8.59,10.2 1 1
github.com/vSterlin/goscript/token/left-curly.go:12.44,14.2 1 1
github.com/vSterlin/goscript/token/number.go:12.55,20.2 4 1
github.com/vSterlin/goscript/token/number.go:22.40,24.2 1 0
github.com/vSterlin/goscript/token/plus.go:8.53,10.2 1 1
github.com/vSterlin/goscript/token/plus.go:12.38,14.2 1 1
github.com/vSterlin/goscript/token/string.go:8.57,10.2 1 1
github.com/vSterlin/goscript/token/string.go:12.42,14.2 1 1
