mode: set
github.com/vSterlin/goscript/token/tokenizer.go:15.44,33.2 2 1
github.com/vSterlin/goscript/token/tokenizer.go:35.54,39.2 2 0
github.com/vSterlin/goscript/token/tokenizer.go:41.54,45.78 3 1
github.com/vSterlin/goscript/token/tokenizer.go:50.2,50.21 1 1
github.com/vSterlin/goscript/token/tokenizer.go:45.78,48.3 2 0
github.com/vSterlin/goscript/token/tokenizer.go:50.21,52.17 2 0
github.com/vSterlin/goscript/token/tokenizer.go:55.3,55.27 1 0
github.com/vSterlin/goscript/token/tokenizer.go:52.17,53.14 1 0
github.com/vSterlin/goscript/token/tokenizer.go:56.8,59.3 2 1
github.com/vSterlin/goscript/token/tokenizer.go:62.38,63.78 1 1
github.com/vSterlin/goscript/token/tokenizer.go:63.78,65.3 1 0
github.com/vSterlin/goscript/token/tokenizer.go:68.57,72.97 3 1
github.com/vSterlin/goscript/token/tokenizer.go:76.2,76.31 1 1
github.com/vSterlin/goscript/token/tokenizer.go:72.97,75.3 2 1
github.com/vSterlin/goscript/token/tokenizer.go:79.46,80.37 1 1
github.com/vSterlin/goscript/token/tokenizer.go:86.2,86.12 1 1
github.com/vSterlin/goscript/token/tokenizer.go:80.37,81.30 1 1
github.com/vSterlin/goscript/token/tokenizer.go:81.30,84.4 2 1
github.com/vSterlin/goscript/token/tokenizer.go:89.53,94.32 4 1
github.com/vSterlin/goscript/token/tokenizer.go:94.32,96.3 1 0
github.com/vSterlin/goscript/token/tokenizer.go:96.8,96.52 1 1
github.com/vSterlin/goscript/token/tokenizer.go:96.52,98.3 1 0
github.com/vSterlin/goscript/token/tokenizer.go:98.8,98.65 1 1
github.com/vSterlin/goscript/token/tokenizer.go:98.65,100.3 1 1
github.com/vSterlin/goscript/token/tokenizer.go:100.8,102.3 1 1
github.com/vSterlin/goscript/token/tokenizer.go:106.40,113.32 3 1
github.com/vSterlin/goscript/token/tokenizer.go:121.2,121.15 1 1
github.com/vSterlin/goscript/token/tokenizer.go:113.32,115.17 2 1
github.com/vSterlin/goscript/token/tokenizer.go:118.3,118.35 1 1
github.com/vSterlin/goscript/token/tokenizer.go:115.17,116.14 1 0
github.com/vSterlin/goscript/token/false.go:8.54,10.2 1 0
github.com/vSterlin/goscript/token/false.go:12.38,14.2 1 0
github.com/vSterlin/goscript/token/false.go:16.39,18.2 1 0
github.com/vSterlin/goscript/token/left-parenthesis.go:8.59,10.2 1 0
github.com/vSterlin/goscript/token/left-parenthesis.go:12.43,14.2 1 0
github.com/vSterlin/goscript/token/left-parenthesis.go:16.44,18.2 1 0
github.com/vSterlin/goscript/token/number.go:12.39,14.2 1 0
github.com/vSterlin/goscript/token/number.go:16.55,18.2 1 0
github.com/vSterlin/goscript/token/number.go:20.40,22.2 1 0
github.com/vSterlin/goscript/token/right-curly.go:8.60,10.2 1 0
github.com/vSterlin/goscript/token/right-curly.go:12.44,14.2 1 0
github.com/vSterlin/goscript/token/right-curly.go:16.45,18.2 1 0
github.com/vSterlin/goscript/token/token-error.go:13.42,15.2 1 0
github.com/vSterlin/goscript/token/token-error.go:17.56,20.2 1 1
github.com/vSterlin/goscript/token/token-error.go:22.29,23.30 1 1
github.com/vSterlin/goscript/token/token-error.go:23.30,27.3 3 0
github.com/vSterlin/goscript/token/true.go:8.53,10.2 1 0
github.com/vSterlin/goscript/token/true.go:12.37,14.2 1 0
github.com/vSterlin/goscript/token/true.go:16.38,18.2 1 0
github.com/vSterlin/goscript/token/else.go:8.53,10.2 1 0
github.com/vSterlin/goscript/token/else.go:12.37,14.2 1 0
github.com/vSterlin/goscript/token/else.go:16.38,18.2 1 0
github.com/vSterlin/goscript/token/if.go:8.51,10.2 1 1
github.com/vSterlin/goscript/token/if.go:12.35,14.2 1 0
github.com/vSterlin/goscript/token/if.go:16.36,18.2 1 0
github.com/vSterlin/goscript/token/left-curly.go:8.59,10.2 1 0
github.com/vSterlin/goscript/token/left-curly.go:12.43,14.2 1 0
github.com/vSterlin/goscript/token/left-curly.go:16.44,18.2 1 0
github.com/vSterlin/goscript/token/right-parenthesis.go:8.60,10.2 1 0
github.com/vSterlin/goscript/token/right-parenthesis.go:12.44,14.2 1 0
github.com/vSterlin/goscript/token/right-parenthesis.go:16.45,18.2 1 0
